INFO root 2023-08-10 07:03:08,104 all the list entities would be [[1, 2, 3, 4]]
INFO root 2023-08-10 07:03:08,105 all the list entities would be [[1, 2, 3, 4], ['ineuron', 'data science ']]
INFO root 2023-08-10 07:03:08,105 all the dictionary entities would be [{'k1': 'sudh', 'k2': 'ineuron', 'k3': 'kumar', 3: 6, 7: 8}]
INFO root 2023-08-10 07:03:08,105 all the tuple entities would be [(2, 3, 4, 5, 6)]
INFO root 2023-08-10 07:03:08,105 all the tuple entities would be [(2, 3, 4, 5, 6), (3, 4, 5, 6, 7)]
INFO root 2023-08-10 07:03:08,105 all the numerical values would include [1, 2, 3, 4, 2, 3, 4, 5, 6, 3, 4, 5, 6, 7, 45, 4, 5, 23, 3, 6, 7, 8]
INFO root 2023-08-10 07:03:08,105 the sum of all the numerical data in the list is 156
INFO root 2023-08-10 07:03:08,105 The list including all the odd values would be [1, 3, 3, 5, 3, 5, 7, 45, 5, 23, 3, 7]
INFO root 2023-08-10 07:03:08,106 ineuron
INFO root 2023-08-10 07:03:08,106 sudh is included in the list 1 number of times
INFO root 2023-08-10 07:03:08,106 1 is included in the list 1 number of times
INFO root 2023-08-10 07:03:08,106 2 is included in the list 2 number of times
INFO root 2023-08-10 07:03:08,106 3 is included in the list 4 number of times
INFO root 2023-08-10 07:03:08,106 4 is included in the list 4 number of times
INFO root 2023-08-10 07:03:08,106 5 is included in the list 3 number of times
INFO root 2023-08-10 07:03:08,106 6 is included in the list 3 number of times
INFO root 2023-08-10 07:03:08,106 7 is included in the list 2 number of times
INFO root 2023-08-10 07:03:08,106 k1 is included in the list 1 number of times
INFO root 2023-08-10 07:03:08,106 k3 is included in the list 1 number of times
INFO root 2023-08-10 07:03:08,106 k2 is included in the list 1 number of times
INFO root 2023-08-10 07:03:08,106 kumar is included in the list 1 number of times
INFO root 2023-08-10 07:03:08,107 8 is included in the list 1 number of times
INFO root 2023-08-10 07:03:08,107 45 is included in the list 1 number of times
INFO root 2023-08-10 07:03:08,107 ineuron is included in the list 2 number of times
INFO root 2023-08-10 07:03:08,107 data science  is included in the list 1 number of times
INFO root 2023-08-10 07:03:08,107 23 is included in the list 1 number of times
INFO root 2023-08-10 07:03:08,107 5
INFO root 2023-08-10 07:03:08,107 Here is the list of all the string data present in the list ['k1', 'sudh', 'k2', 'ineuron', 'k3', 'kumar', 'ineuron', 'data science ']
INFO root 2023-08-10 07:03:08,107 Here is the list including all the alphanumerical entities in the list ['k1', 'k2', 'k3']
INFO root 2023-08-10 07:03:08,107 908605071360000
INFO root 2023-08-10 07:03:08,107 [1, 2, 3, 4, 2, 3, 4, 5, 6, 3, 4, 5, 6, 7, 45, 4, 5, 23, 'k1', 'sudh', 'k2', 'ineuron', 'k3', 'kumar', 3, 6, 7, 8, 'ineuron', 'data science ']
